<?xml version="1.0" encoding="UTF-8"?>
<!-- Generated by org.testng.reporters.JUnitXMLReporter -->
<testsuite hostname="Kunal" ignored="0" name="Default test" tests="4" failures="0" timestamp="04 Jan 2020 04:35:08 GMT" time="60.302" errors="0">
  <testcase name="LoginPageTitleTest" time="0.227" classname="com.cms.qa.testcases.LoginPageTest"/>
  <testcase name="cmsLogoImageTest" time="0.062" classname="com.cms.qa.testcases.LoginPageTest"/>
  <testcase name="loginTest" time="6.014" classname="com.cms.qa.testcases.LoginPageTest"/>
  <testcase name="backToSoucePage" time="3.432" classname="com.cms.qa.testcases.LoginPageTest"/>
</testsuite> <!-- Default test -->
