<?xml version="1.0" encoding="UTF-8"?>
<!-- Generated by org.testng.reporters.JUnitXMLReporter -->
<testsuite hostname="Kunal" ignored="0" name="Default test" tests="4" failures="0" timestamp="10 Jan 2020 11:08:25 GMT" time="35.025" errors="0">
  <testcase name="LoginPageTitleTest" time="0.044" classname="com.cms.qa.testcases.LoginPageTest"/>
  <testcase name="cmsLogoImageTest" time="0.044" classname="com.cms.qa.testcases.LoginPageTest"/>
  <testcase name="loginTest" time="2.628" classname="com.cms.qa.testcases.LoginPageTest"/>
  <testcase name="backToSoucePage" time="1.353" classname="com.cms.qa.testcases.LoginPageTest"/>
</testsuite> <!-- Default test -->
