<?xml version="1.0" encoding="UTF-8"?>
<!-- Generated by org.testng.reporters.JUnitXMLReporter -->
<testsuite hostname="Kunal" ignored="0" name="Free CMS Application Test Cases" tests="4" failures="0" timestamp="01 Jan 2020 13:10:37 GMT" time="48.49" errors="0">
  <testcase name="LoginPageTitleTest" time="0.046" classname="com.cms.qa.testcases.LoginPageTest"/>
  <testcase name="cmsLogoImageTest" time="0.102" classname="com.cms.qa.testcases.LoginPageTest"/>
  <testcase name="loginTest" time="5.219" classname="com.cms.qa.testcases.LoginPageTest"/>
  <testcase name="backToSoucePage" time="4.614" classname="com.cms.qa.testcases.LoginPageTest"/>
</testsuite> <!-- Free CMS Application Test Cases -->
