<?xml version="1.0" encoding="UTF-8"?>
<!-- Generated by org.testng.reporters.JUnitXMLReporter -->
<testsuite hostname="Kunal" ignored="0" name="Test" tests="4" failures="0" timestamp="11 Jan 2020 06:48:08 GMT" time="36.664" errors="0">
  <testcase name="LoginPageTitleTest" time="0.063" classname="com.cms.qa.testcases.LoginPageTest"/>
  <testcase name="cmsLogoImageTest" time="0.085" classname="com.cms.qa.testcases.LoginPageTest"/>
  <testcase name="loginTest" time="3.093" classname="com.cms.qa.testcases.LoginPageTest"/>
  <testcase name="backToSoucePage" time="1.245" classname="com.cms.qa.testcases.LoginPageTest"/>
</testsuite> <!-- Test -->
