<?xml version="1.0" encoding="UTF-8"?>
<!-- Generated by org.testng.reporters.JUnitXMLReporter -->
<testsuite hostname="Kunal" ignored="0" name="Test" tests="4" failures="1" timestamp="02 Jan 2020 17:14:59 GMT" time="58.823" errors="0">
  <testcase name="LoginPageTitleTest" time="0.021" classname="com.cms.qa.testcases.LoginPageTest">
    <failure type="java.lang.AssertionError" message="expected [Log In ‹ opensourcecms — WordPress] but found [Log In ‹ Micromixer — WordPress]">
      <![CDATA[java.lang.AssertionError: expected [Log In ‹ opensourcecms — WordPress] but found [Log In ‹ Micromixer — WordPress]
	at com.cms.qa.testcases.LoginPageTest.LoginPageTitleTest(LoginPageTest.java:34)
... Removed 31 stack frames]]>
    </failure>
  </testcase> <!-- LoginPageTitleTest -->
  <testcase name="cmsLogoImageTest" time="0.044" classname="com.cms.qa.testcases.LoginPageTest"/>
  <testcase name="loginTest" time="8.96" classname="com.cms.qa.testcases.LoginPageTest"/>
  <testcase name="backToSoucePage" time="0.071" classname="com.cms.qa.testcases.LoginPageTest"/>
</testsuite> <!-- Test -->
