<?xml version="1.0" encoding="UTF-8"?>
<!-- Generated by org.testng.reporters.JUnitXMLReporter -->
<testsuite hostname="Kunal" name="Test" tests="4" failures="0" timestamp="2 Jan 2020 13:07:09 GMT" time="52.21" errors="0">
  <testcase name="LoginPageTitleTest" time="0.016" classname="com.cms.qa.testcases.LoginPageTest"/>
  <testcase name="cmsLogoImageTest" time="0.104" classname="com.cms.qa.testcases.LoginPageTest"/>
  <testcase name="loginTest" time="6.122" classname="com.cms.qa.testcases.LoginPageTest"/>
  <testcase name="backToSoucePage" time="6.938" classname="com.cms.qa.testcases.LoginPageTest"/>
</testsuite> <!-- Test -->
