<?xml version="1.0" encoding="UTF-8"?>
<!-- Generated by org.testng.reporters.JUnitXMLReporter -->
<testsuite hostname="Kunal" name="Test" tests="4" failures="0" timestamp="4 Jan 2020 04:42:54 GMT" time="46.646" errors="0">
  <testcase name="LoginPageTitleTest" time="0.014" classname="com.cms.qa.testcases.LoginPageTest"/>
  <testcase name="cmsLogoImageTest" time="0.123" classname="com.cms.qa.testcases.LoginPageTest"/>
  <testcase name="loginTest" time="7.292" classname="com.cms.qa.testcases.LoginPageTest"/>
  <testcase name="backToSoucePage" time="4.948" classname="com.cms.qa.testcases.LoginPageTest"/>
</testsuite> <!-- Test -->
