<?xml version="1.0" encoding="UTF-8"?>
<testsuite xmlns:xsi="http://www.w3.org/2001/XMLSchema-instance" xsi:noNamespaceSchemaLocation="https://maven.apache.org/surefire/maven-surefire-plugin/xsd/surefire-test-report-3.0.xsd" version="3.0" name="TestSuite" time="42.577" tests="4" errors="0" skipped="0" failures="0">
  <properties>
[...]
</properties>
  <testcase name="LoginPageTitleTest" classname="com.cms.qa.testcases.LoginPageTest" time="0.032"/>
  <testcase name="cmsLogoImageTest" classname="com.cms.qa.testcases.LoginPageTest" time="0.087"/>
  <testcase name="loginTest" classname="com.cms.qa.testcases.LoginPageTest" time="5.561"/>
  <testcase name="backToSoucePage" classname="com.cms.qa.testcases.LoginPageTest" time="1.285"/>
</testsuite>