<?xml version="1.0" encoding="UTF-8"?>
<testng-results skipped="0" failed="0" total="4" passed="4">
  <reporter-output>
  </reporter-output>
  <suite name="Suite" duration-ms="41248" started-at="2020-01-11T06:52:03Z" finished-at="2020-01-11T06:52:44Z">
    <groups>
    </groups>
    <test name="Test" duration-ms="41248" started-at="2020-01-11T06:52:03Z" finished-at="2020-01-11T06:52:44Z">
      <class name="com.cms.qa.testcases.LoginPageTest">
        <test-method status="PASS" signature="setUp()[pri:0, instance:com.cms.qa.testcases.LoginPageTest@48eff760]" name="setUp" is-config="true" duration-ms="6832" started-at="2020-01-11T12:22:03Z" finished-at="2020-01-11T12:22:10Z">
          <reporter-output>
          </reporter-output>
        </test-method> <!-- setUp -->
        <test-method status="PASS" signature="LoginPageTitleTest()[pri:0, instance:com.cms.qa.testcases.LoginPageTest@48eff760]" name="LoginPageTitleTest" duration-ms="26" started-at="2020-01-11T12:22:10Z" finished-at="2020-01-11T12:22:10Z">
          <reporter-output>
          </reporter-output>
        </test-method> <!-- LoginPageTitleTest -->
        <test-method status="PASS" signature="tearDown()[pri:0, instance:com.cms.qa.testcases.LoginPageTest@48eff760]" name="tearDown" is-config="true" duration-ms="1658" started-at="2020-01-11T12:22:10Z" finished-at="2020-01-11T12:22:11Z">
          <reporter-output>
          </reporter-output>
        </test-method> <!-- tearDown -->
        <test-method status="PASS" signature="setUp()[pri:0, instance:com.cms.qa.testcases.LoginPageTest@48eff760]" name="setUp" is-config="true" duration-ms="5667" started-at="2020-01-11T12:22:11Z" finished-at="2020-01-11T12:22:17Z">
          <reporter-output>
          </reporter-output>
        </test-method> <!-- setUp -->
        <test-method status="PASS" signature="cmsLogoImageTest()[pri:0, instance:com.cms.qa.testcases.LoginPageTest@48eff760]" name="cmsLogoImageTest" duration-ms="85" started-at="2020-01-11T12:22:17Z" finished-at="2020-01-11T12:22:17Z">
          <reporter-output>
          </reporter-output>
        </test-method> <!-- cmsLogoImageTest -->
        <test-method status="PASS" signature="tearDown()[pri:0, instance:com.cms.qa.testcases.LoginPageTest@48eff760]" name="tearDown" is-config="true" duration-ms="1468" started-at="2020-01-11T12:22:17Z" finished-at="2020-01-11T12:22:19Z">
          <reporter-output>
          </reporter-output>
        </test-method> <!-- tearDown -->
        <test-method status="PASS" signature="setUp()[pri:0, instance:com.cms.qa.testcases.LoginPageTest@48eff760]" name="setUp" is-config="true" duration-ms="6070" started-at="2020-01-11T12:22:19Z" finished-at="2020-01-11T12:22:25Z">
          <reporter-output>
          </reporter-output>
        </test-method> <!-- setUp -->
        <test-method status="PASS" signature="loginTest()[pri:0, instance:com.cms.qa.testcases.LoginPageTest@48eff760]" name="loginTest" duration-ms="5557" started-at="2020-01-11T12:22:25Z" finished-at="2020-01-11T12:22:30Z">
          <reporter-output>
          </reporter-output>
        </test-method> <!-- loginTest -->
        <test-method status="PASS" signature="tearDown()[pri:0, instance:com.cms.qa.testcases.LoginPageTest@48eff760]" name="tearDown" is-config="true" duration-ms="3050" started-at="2020-01-11T12:22:30Z" finished-at="2020-01-11T12:22:33Z">
          <reporter-output>
          </reporter-output>
        </test-method> <!-- tearDown -->
        <test-method status="PASS" signature="setUp()[pri:0, instance:com.cms.qa.testcases.LoginPageTest@48eff760]" name="setUp" is-config="true" duration-ms="8015" started-at="2020-01-11T12:22:33Z" finished-at="2020-01-11T12:22:41Z">
          <reporter-output>
          </reporter-output>
        </test-method> <!-- setUp -->
        <test-method status="PASS" signature="backToSoucePage()[pri:0, instance:com.cms.qa.testcases.LoginPageTest@48eff760]" name="backToSoucePage" duration-ms="1285" started-at="2020-01-11T12:22:41Z" finished-at="2020-01-11T12:22:43Z">
          <reporter-output>
          </reporter-output>
        </test-method> <!-- backToSoucePage -->
        <test-method status="PASS" signature="tearDown()[pri:0, instance:com.cms.qa.testcases.LoginPageTest@48eff760]" name="tearDown" is-config="true" duration-ms="1518" started-at="2020-01-11T12:22:43Z" finished-at="2020-01-11T12:22:44Z">
          <reporter-output>
          </reporter-output>
        </test-method> <!-- tearDown -->
      </class> <!-- com.cms.qa.testcases.LoginPageTest -->
    </test> <!-- Test -->
  </suite> <!-- Suite -->
</testng-results>
