<?xml version="1.0" encoding="UTF-8"?>
<testng-results skipped="0" failed="0" total="4" passed="4">
  <reporter-output>
  </reporter-output>
  <suite name="Suite" duration-ms="52210" started-at="2020-01-02T13:06:17Z" finished-at="2020-01-02T13:07:09Z">
    <groups>
    </groups>
    <test name="Test" duration-ms="52210" started-at="2020-01-02T13:06:17Z" finished-at="2020-01-02T13:07:09Z">
      <class name="com.cms.qa.testcases.LoginPageTest">
        <test-method status="PASS" signature="setUp()[pri:0, instance:com.cms.qa.testcases.LoginPageTest@3c756e4d]" name="setUp" is-config="true" duration-ms="9360" started-at="2020-01-02T18:36:17Z" finished-at="2020-01-02T18:36:26Z">
          <reporter-output>
          </reporter-output>
        </test-method> <!-- setUp -->
        <test-method status="PASS" signature="LoginPageTitleTest()[pri:0, instance:com.cms.qa.testcases.LoginPageTest@3c756e4d]" name="LoginPageTitleTest" duration-ms="16" started-at="2020-01-02T18:36:26Z" finished-at="2020-01-02T18:36:26Z">
          <reporter-output>
          </reporter-output>
        </test-method> <!-- LoginPageTitleTest -->
        <test-method status="PASS" signature="tearDown()[pri:0, instance:com.cms.qa.testcases.LoginPageTest@3c756e4d]" name="tearDown" is-config="true" duration-ms="1693" started-at="2020-01-02T18:36:26Z" finished-at="2020-01-02T18:36:28Z">
          <reporter-output>
          </reporter-output>
        </test-method> <!-- tearDown -->
        <test-method status="PASS" signature="setUp()[pri:0, instance:com.cms.qa.testcases.LoginPageTest@3c756e4d]" name="setUp" is-config="true" duration-ms="7999" started-at="2020-01-02T18:36:28Z" finished-at="2020-01-02T18:36:36Z">
          <reporter-output>
          </reporter-output>
        </test-method> <!-- setUp -->
        <test-method status="PASS" signature="cmsLogoImageTest()[pri:0, instance:com.cms.qa.testcases.LoginPageTest@3c756e4d]" name="cmsLogoImageTest" duration-ms="104" started-at="2020-01-02T18:36:36Z" finished-at="2020-01-02T18:36:36Z">
          <reporter-output>
          </reporter-output>
        </test-method> <!-- cmsLogoImageTest -->
        <test-method status="PASS" signature="tearDown()[pri:0, instance:com.cms.qa.testcases.LoginPageTest@3c756e4d]" name="tearDown" is-config="true" duration-ms="1668" started-at="2020-01-02T18:36:36Z" finished-at="2020-01-02T18:36:37Z">
          <reporter-output>
          </reporter-output>
        </test-method> <!-- tearDown -->
        <test-method status="PASS" signature="setUp()[pri:0, instance:com.cms.qa.testcases.LoginPageTest@3c756e4d]" name="setUp" is-config="true" duration-ms="7563" started-at="2020-01-02T18:36:37Z" finished-at="2020-01-02T18:36:45Z">
          <reporter-output>
          </reporter-output>
        </test-method> <!-- setUp -->
        <test-method status="PASS" signature="loginTest()[pri:0, instance:com.cms.qa.testcases.LoginPageTest@3c756e4d]" name="loginTest" duration-ms="6122" started-at="2020-01-02T18:36:45Z" finished-at="2020-01-02T18:36:51Z">
          <reporter-output>
          </reporter-output>
        </test-method> <!-- loginTest -->
        <test-method status="PASS" signature="tearDown()[pri:0, instance:com.cms.qa.testcases.LoginPageTest@3c756e4d]" name="tearDown" is-config="true" duration-ms="1365" started-at="2020-01-02T18:36:51Z" finished-at="2020-01-02T18:36:52Z">
          <reporter-output>
          </reporter-output>
        </test-method> <!-- tearDown -->
        <test-method status="PASS" signature="setUp()[pri:0, instance:com.cms.qa.testcases.LoginPageTest@3c756e4d]" name="setUp" is-config="true" duration-ms="7365" started-at="2020-01-02T18:36:52Z" finished-at="2020-01-02T18:37:00Z">
          <reporter-output>
          </reporter-output>
        </test-method> <!-- setUp -->
        <test-method status="PASS" signature="backToSoucePage()[pri:0, instance:com.cms.qa.testcases.LoginPageTest@3c756e4d]" name="backToSoucePage" duration-ms="6938" started-at="2020-01-02T18:37:00Z" finished-at="2020-01-02T18:37:07Z">
          <reporter-output>
          </reporter-output>
        </test-method> <!-- backToSoucePage -->
        <test-method status="PASS" signature="tearDown()[pri:0, instance:com.cms.qa.testcases.LoginPageTest@3c756e4d]" name="tearDown" is-config="true" duration-ms="1979" started-at="2020-01-02T18:37:07Z" finished-at="2020-01-02T18:37:09Z">
          <reporter-output>
          </reporter-output>
        </test-method> <!-- tearDown -->
      </class> <!-- com.cms.qa.testcases.LoginPageTest -->
    </test> <!-- Test -->
  </suite> <!-- Suite -->
</testng-results>
