<?xml version="1.0" encoding="UTF-8"?>
<testng-results skipped="0" failed="0" ignored="0" total="4" passed="4">
  <reporter-output>
  </reporter-output>
  <suite name="Suite" duration-ms="36664" started-at="2020-01-11T06:47:31Z" finished-at="2020-01-11T06:48:08Z">
    <groups>
    </groups>
    <test name="Test" duration-ms="36664" started-at="2020-01-11T06:47:31Z" finished-at="2020-01-11T06:48:08Z">
      <class name="com.cms.qa.testcases.LoginPageTest">
        <test-method status="PASS" signature="setUp()[pri:0, instance:com.cms.qa.testcases.LoginPageTest@5f2108b5]" name="setUp" is-config="true" duration-ms="6590" started-at="2020-01-11T12:17:31Z" finished-at="2020-01-11T12:17:38Z">
          <reporter-output>
          </reporter-output>
        </test-method> <!-- setUp -->
        <test-method status="PASS" signature="LoginPageTitleTest()[pri:1, instance:com.cms.qa.testcases.LoginPageTest@5f2108b5]" name="LoginPageTitleTest" duration-ms="63" started-at="2020-01-11T12:17:38Z" finished-at="2020-01-11T12:17:38Z">
          <reporter-output>
          </reporter-output>
        </test-method> <!-- LoginPageTitleTest -->
        <test-method status="PASS" signature="tearDown()[pri:0, instance:com.cms.qa.testcases.LoginPageTest@5f2108b5]" name="tearDown" is-config="true" duration-ms="2197" started-at="2020-01-11T12:17:38Z" finished-at="2020-01-11T12:17:40Z">
          <reporter-output>
          </reporter-output>
        </test-method> <!-- tearDown -->
        <test-method status="PASS" signature="setUp()[pri:0, instance:com.cms.qa.testcases.LoginPageTest@5f2108b5]" name="setUp" is-config="true" duration-ms="6002" started-at="2020-01-11T12:17:40Z" finished-at="2020-01-11T12:17:46Z">
          <reporter-output>
          </reporter-output>
        </test-method> <!-- setUp -->
        <test-method status="PASS" signature="cmsLogoImageTest()[pri:2, instance:com.cms.qa.testcases.LoginPageTest@5f2108b5]" name="cmsLogoImageTest" duration-ms="85" started-at="2020-01-11T12:17:46Z" finished-at="2020-01-11T12:17:46Z">
          <reporter-output>
          </reporter-output>
        </test-method> <!-- cmsLogoImageTest -->
        <test-method status="PASS" signature="tearDown()[pri:0, instance:com.cms.qa.testcases.LoginPageTest@5f2108b5]" name="tearDown" is-config="true" duration-ms="1515" started-at="2020-01-11T12:17:46Z" finished-at="2020-01-11T12:17:48Z">
          <reporter-output>
          </reporter-output>
        </test-method> <!-- tearDown -->
        <test-method status="PASS" signature="setUp()[pri:0, instance:com.cms.qa.testcases.LoginPageTest@5f2108b5]" name="setUp" is-config="true" duration-ms="6822" started-at="2020-01-11T12:17:48Z" finished-at="2020-01-11T12:17:55Z">
          <reporter-output>
          </reporter-output>
        </test-method> <!-- setUp -->
        <test-method status="PASS" signature="loginTest()[pri:3, instance:com.cms.qa.testcases.LoginPageTest@5f2108b5]" name="loginTest" duration-ms="3093" started-at="2020-01-11T12:17:55Z" finished-at="2020-01-11T12:17:58Z">
          <reporter-output>
          </reporter-output>
        </test-method> <!-- loginTest -->
        <test-method status="PASS" signature="tearDown()[pri:0, instance:com.cms.qa.testcases.LoginPageTest@5f2108b5]" name="tearDown" is-config="true" duration-ms="1472" started-at="2020-01-11T12:17:58Z" finished-at="2020-01-11T12:17:59Z">
          <reporter-output>
          </reporter-output>
        </test-method> <!-- tearDown -->
        <test-method status="PASS" signature="setUp()[pri:0, instance:com.cms.qa.testcases.LoginPageTest@5f2108b5]" name="setUp" is-config="true" duration-ms="6121" started-at="2020-01-11T12:17:59Z" finished-at="2020-01-11T12:18:05Z">
          <reporter-output>
          </reporter-output>
        </test-method> <!-- setUp -->
        <test-method status="PASS" signature="backToSoucePage()[pri:4, instance:com.cms.qa.testcases.LoginPageTest@5f2108b5]" name="backToSoucePage" duration-ms="1245" started-at="2020-01-11T12:18:05Z" finished-at="2020-01-11T12:18:06Z">
          <reporter-output>
          </reporter-output>
        </test-method> <!-- backToSoucePage -->
        <test-method status="PASS" signature="tearDown()[pri:0, instance:com.cms.qa.testcases.LoginPageTest@5f2108b5]" name="tearDown" is-config="true" duration-ms="1440" started-at="2020-01-11T12:18:06Z" finished-at="2020-01-11T12:18:08Z">
          <reporter-output>
          </reporter-output>
        </test-method> <!-- tearDown -->
      </class> <!-- com.cms.qa.testcases.LoginPageTest -->
    </test> <!-- Test -->
  </suite> <!-- Suite -->
</testng-results>
